/home/neel1998/CV_project/src/create_test_data.py:24: RuntimeWarning: invalid value encountered in sqrt
  dists = np.sqrt((flow**2).sum(axis=1)[:, np.newaxis] + (centers**2).sum(axis=1) - 2 * flow.dot(centers.T))
Working on folder: B1ADMcXAQCzo0
Working on folder: B1RsaXI-SKchA
Working on folder: B1T22VWizYLOA
Working on folder: B1U5XS34QmUuI
Working on folder: B1hVUP9r0PMVs
Working on folder: B1mOABN2abDq0
Working on folder: B1uglCr8ueyv8
Working on folder: F_NrcGzxLuaVE
Working on folder: F_O2VWbZIrMuw
Working on folder: F_OBO19vCHtic
Working on folder: F_PEvrrIl3sic
Working on folder: F_PZrW49YMeDs
Working on folder: F_PosKL3to6l8
Working on folder: F_QMXIZ9GJxzY
Working on folder: F_Rv0sbR0lbDg
Working on folder: F_S4CqTV9eEkI
Working on folder: F_SIF3PyPdQkM
Working on folder: F_SXIzyO_5MFI
Working on folder: F_SyO3YwrsJPg
Working on folder: F_TGoayx3Hvo4
Working on folder: F_UbEgAw0uZkQ
Working on folder: F_W8X7EFqVqNc
Working on folder: F_WeI44K6kCRU
Working on folder: F_WzdTXenuzCE
Working on folder: F_X1gbSQuwjGU
Working on folder: F_XCzAvgTFOp4
Working on folder: F_XDpOtZ-sdQE
Working on folder: F_XdWjpoXOhXk
Working on folder: F_YIH5S32TLWk
Working on folder: F__RiKnRbBhtQ
Working on folder: F__tSqpfHWYi4
Working on folder: F_n1cCs-S5EKc
Working on folder: F_n4MsOeSmwbs
Working on folder: F_nUiTNySs1Lk
Working on folder: F_oB2W0HIgpHg
Working on folder: F_pZVsb0b8A9E
Working on folder: F_pZcB4oJ5jsc
Working on folder: F_pdy9isqFDxE
Working on folder: F_qVH7ZUbowMU
Working on folder: F_raCFAL5CZEU
Working on folder: F_rcp4eckcBoU
Working on folder: F_rpzY8gP_jkQ
Working on folder: F_sRCQjNWXEKM
Working on folder: F_tfMMAwlD7gs
Working on folder: F_uJzAPp8C2zA
Working on folder: F_uLgfDvgp-D4
Working on folder: F_uvTMZmUdSsc
Working on folder: F_uxkuLHrMLMM
Working on folder: F_w8ACpSsJssw
Working on folder: F_wNeoWLEtQjI
Working on folder: F_wQS3ADyLsUk
Working on folder: F_wUhoKHzau8g
Working on folder: F_wrOjBRqPHjU
Working on folder: F_x2H7zcqjplc
Working on folder: F_x90_QK5U6WY
Working on folder: F_y-MkdkUB8pY
Working on folder: F_y6YNedovdjI
Working on folder: F_y7-0L0kFnqA
Working on folder: F_zdwQBU4QzTw
